<?xml version="1.0" encoding="UTF-8"?>
<testsuite xmlns:xsi="http://www.w3.org/2001/XMLSchema-instance" xsi:noNamespaceSchemaLocation="https://maven.apache.org/surefire/maven-surefire-plugin/xsd/surefire-test-report-3.0.xsd" version="3.0" name="com.in28minutes.rest.webservices.restfulwebservices.RestfulWebServicesApplicationTests" time="5.502" tests="1" errors="0" skipped="0" failures="0">
  <properties>
[...]
</properties>
  <testcase name="contextLoads" classname="com.in28minutes.rest.webservices.restfulwebservices.RestfulWebServicesApplicationTests" time="0.356">
    <system-out><![CDATA[16:46:30.088 [main] INFO org.springframework.test.context.support.AnnotationConfigContextLoaderUtils -- Could not detect default configuration classes for test class [com.in28minutes.rest.webservices.restfulwebservices.RestfulWebServicesApplicationTests]: RestfulWebServicesApplicationTests does not declare any static, non-private, non-final, nested classes annotated with @Configuration.
16:46:30.156 [main] INFO org.springframework.boot.test.context.SpringBootTestContextBootstrapper -- Found @SpringBootConfiguration com.in28minutes.rest.webservices.restfulwebservices.RestfulWebServicesApplication for test class com.in28minutes.rest.webservices.restfulwebservices.RestfulWebServicesApplicationTests

  .   ____          _            __ _ _
 /\\ / ___'_ __ _ _(_)_ __  __ _ \ \ \ \
( ( )\___ | '_ | '_| | '_ \/ _` | \ \ \ \
 \\/  ___)| |_)| | | | | || (_| |  ) ) ) )
  '  |____| .__|_| |_|_| |_\__, | / / / /
 =========|_|==============|___/=/_/_/_/
 :: Spring Boot ::                (v3.1.1)

2023-10-01T16:46:30.449+05:30  INFO 3996 --- [           main] r.w.r.RestfulWebServicesApplicationTests : Starting RestfulWebServicesApplicationTests using Java 20.0.2 with PID 3996 (started by CodeRains in e:\gits\Practices\java\in28minutes\spring 6 boot 3\91-aws\02-rest-api-mysql)
2023-10-01T16:46:30.450+05:30  INFO 3996 --- [           main] r.w.r.RestfulWebServicesApplicationTests : No active profile set, falling back to 1 default profile: "default"
2023-10-01T16:46:31.208+05:30  INFO 3996 --- [           main] .s.d.r.c.RepositoryConfigurationDelegate : Bootstrapping Spring Data JPA repositories in DEFAULT mode.
2023-10-01T16:46:31.248+05:30  INFO 3996 --- [           main] .s.d.r.c.RepositoryConfigurationDelegate : Finished Spring Data repository scanning in 32 ms. Found 2 JPA repository interfaces.
2023-10-01T16:46:31.725+05:30  INFO 3996 --- [           main] o.hibernate.jpa.internal.util.LogHelper  : HHH000204: Processing PersistenceUnitInfo [name: default]
2023-10-01T16:46:31.787+05:30  INFO 3996 --- [           main] org.hibernate.Version                    : HHH000412: Hibernate ORM core version 6.2.5.Final
2023-10-01T16:46:31.788+05:30  INFO 3996 --- [           main] org.hibernate.cfg.Environment            : HHH000406: Using bytecode reflection optimizer
2023-10-01T16:46:31.955+05:30  INFO 3996 --- [           main] o.h.b.i.BytecodeProviderInitiator        : HHH000021: Bytecode provider name : bytebuddy
2023-10-01T16:46:32.070+05:30  INFO 3996 --- [           main] o.s.o.j.p.SpringPersistenceUnitInfo      : No LoadTimeWeaver setup: ignoring JPA class transformer
2023-10-01T16:46:32.090+05:30  INFO 3996 --- [           main] com.zaxxer.hikari.HikariDataSource       : HikariPool-1 - Starting...
2023-10-01T16:46:32.415+05:30  INFO 3996 --- [           main] com.zaxxer.hikari.pool.HikariPool        : HikariPool-1 - Added connection com.mysql.cj.jdbc.ConnectionImpl@116fc29e
2023-10-01T16:46:32.417+05:30  INFO 3996 --- [           main] com.zaxxer.hikari.HikariDataSource       : HikariPool-1 - Start completed.
2023-10-01T16:46:32.638+05:30  INFO 3996 --- [           main] o.h.b.i.BytecodeProviderInitiator        : HHH000021: Bytecode provider name : bytebuddy
2023-10-01T16:46:33.110+05:30  INFO 3996 --- [           main] o.h.e.t.j.p.i.JtaPlatformInitiator       : HHH000490: Using JtaPlatform implementation: [org.hibernate.engine.transaction.jta.platform.internal.NoJtaPlatform]
Hibernate: create table post (id integer not null, description varchar(255), user_id integer, primary key (id)) engine=InnoDB
Hibernate: create table post_seq (next_val bigint) engine=InnoDB
Hibernate: insert into post_seq values ( 1 )
Hibernate: create table user_details (id integer not null, birth_date date, name varchar(255), primary key (id)) engine=InnoDB
Hibernate: create table user_details_seq (next_val bigint) engine=InnoDB
Hibernate: insert into user_details_seq values ( 1 )
Hibernate: alter table post add constraint FKa3biitl48c71riii9uyelpdhb foreign key (user_id) references user_details (id)
2023-10-01T16:46:33.682+05:30  INFO 3996 --- [           main] j.LocalContainerEntityManagerFactoryBean : Initialized JPA EntityManagerFactory for persistence unit 'default'
2023-10-01T16:46:33.969+05:30  WARN 3996 --- [           main] JpaBaseConfiguration$JpaWebConfiguration : spring.jpa.open-in-view is enabled by default. Therefore, database queries may be performed during view rendering. Explicitly configure spring.jpa.open-in-view to disable this warning
2023-10-01T16:46:34.565+05:30  INFO 3996 --- [           main] o.s.b.a.e.web.EndpointLinksResolver      : Exposing 13 endpoint(s) beneath base path '/actuator'
2023-10-01T16:46:34.601+05:30  INFO 3996 --- [           main] o.s.s.web.DefaultSecurityFilterChain     : Will secure any request with [org.springframework.security.web.session.DisableEncodeUrlFilter@7aff1db3, org.springframework.security.web.context.request.async.WebAsyncManagerIntegrationFilter@46374b8, org.springframework.security.web.context.SecurityContextHolderFilter@5472c27a, org.springframework.security.web.header.HeaderWriterFilter@5f1bd673, org.springframework.security.web.authentication.logout.LogoutFilter@5d180628, org.springframework.security.web.authentication.www.BasicAuthenticationFilter@7ec01440, org.springframework.security.web.savedrequest.RequestCacheAwareFilter@299e245c, org.springframework.security.web.servletapi.SecurityContextHolderAwareRequestFilter@55f29d39, org.springframework.security.web.authentication.AnonymousAuthenticationFilter@29ceefb3, org.springframework.security.web.access.ExceptionTranslationFilter@6203f10f, org.springframework.security.web.access.intercept.AuthorizationFilter@b91e024]
2023-10-01T16:46:35.011+05:30  INFO 3996 --- [           main] r.w.r.RestfulWebServicesApplicationTests : Started RestfulWebServicesApplicationTests in 4.757 seconds (process running for 5.411)
]]></system-out>
  </testcase>
</testsuite>